<?xml version="1.0" encoding="UTF-8"?>
<!-- Generated by org.testng.reporters.JUnitReportReporter -->
<testsuite hostname="LAPTOP-C7142L7O" failures="0" tests="4" name="com.employeeapi.testCases.TC004_Put_Employee_Record" time="0.040" errors="0" timestamp="2022-10-12T20:08:10 EDT" skipped="0">
  <testcase classname="com.employeeapi.testCases.TC004_Put_Employee_Record" name="checkResponseBody" time="0.034"/>
  <testcase classname="com.employeeapi.testCases.TC004_Put_Employee_Record" name="checkStatusCode" time="0.002"/>
  <testcase classname="com.employeeapi.testCases.TC004_Put_Employee_Record" name="checkServertype" time="0.002"/>
  <testcase classname="com.employeeapi.testCases.TC004_Put_Employee_Record" name="checkStatusLine" time="0.002"/>
</testsuite> <!-- com.employeeapi.testCases.TC004_Put_Employee_Record -->
